<page id="56935A7D-E5D5-C84F-0103106372B12524" siteID="SiteA">
<title><![CDATA[
Test Page A]]>
</title>
<body><![CDATA[
<p>This is a test page</p>]]>
</body>
</page>
