<page id="571B1DB7-CCAB-6756-12E501CCB40B517E" siteID="SiteA">
<title><![CDATA[
Sub Page 1]]>
</title>
<body><![CDATA[
<p>Some Content. Has Categories</p>]]>
</body>
</page>
