<page id="94863C05-AF1E-6021-766A0593C9064F18" siteID="SiteA">
<title><![CDATA[
D]]>
</title>
</page>
