<page id="948784B5-BD93-93F9-2DFCF45E91C1614F" siteID="SiteA">
<title><![CDATA[
C]]>
</title>
</page>
