<page id="94849C42-E24D-EC67-5709B8A650E982E5" siteID="SiteA">
<title><![CDATA[
A]]>
</title>
</page>
