<page id="9488BE60-AEE6-C408-6041F57EAF4D84D0" siteID="SiteA">
<title><![CDATA[
B]]>
</title>
</page>
